
> frontend@0.0.0 dev
> vite --port 5173


  [32m[1mVITE[22m v8.0.10[39m  [2mready in [0m[1m335[22m[2m[0m ms[22m

  [32m➜[39m  [1mLocal[22m:   [36mhttp://localhost:[1m5173[22m/[39m
[2m  [32m➜[39m  [1mNetwork[22m[2m: use [22m[1m--host[22m[2m to expose[22m
[2m21:09:54[22m [36m[1m[vite][22m[39m [90m[2m(client)[22m[39m [32mhmr update [39m[2m/src/index.css, /src/pages/ProjectsPage.tsx, /src/pages/ProjectPage.tsx, /src/pages/templates/T2Page.tsx, /src/pages/templates/T0Page.tsx, /src/pages/templates/T1Page.tsx, /src/pages/templates/T4Page.tsx, /src/pages/templates/T3Page.tsx, /src/pages/templates/T5Page.tsx[22m
[2m21:10:15[22m [36m[1m[vite][22m[39m [90m[2m(client)[22m[39m [32mhmr update [39m[2m/src/pages/ProjectsPage.tsx, /src/index.css[22m
[2m21:10:46[22m [36m[1m[vite][22m[39m [90m[2m(client)[22m[39m [32mhmr update [39m[2m/src/pages/ProjectPage.tsx, /src/index.css[22m
[2m21:11:35[22m [36m[1m[vite][22m[39m [90m[2m(client)[22m[39m [32mhmr update [39m[2m/src/pages/templates/T1Page.tsx, /src/index.css[22m
[2m21:12:31[22m [36m[1m[vite][22m[39m [90m[2m(client)[22m[39m [32mhmr update [39m[2m/src/pages/templates/T2Page.tsx, /src/index.css[22m
[2m21:13:19[22m [36m[1m[vite][22m[39m [90m[2m(client)[22m[39m [32mhmr update [39m[2m/src/pages/templates/T3Page.tsx, /src/index.css[22m
[2m21:14:17[22m [36m[1m[vite][22m[39m [90m[2m(client)[22m[39m [32mhmr update [39m[2m/src/pages/templates/T4Page.tsx, /src/index.css[22m
[2m21:15:15[22m [36m[1m[vite][22m[39m [90m[2m(client)[22m[39m [32mhmr update [39m[2m/src/pages/templates/T5Page.tsx, /src/index.css[22m
[2m21:19:35[22m [31m[1m[vite][22m[39m [31m[2m(client)[22m[39m Pre-transform error: Transform failed with 4 errors:

[31m[PARSE_ERROR] Error:[0m Identifier `T4SecurityTest` has already been declared
     [38;5;246m╭[0m[38;5;246m─[0m[38;5;246m[[0m src/pages/templates/T4Page.tsx:4:50 [38;5;246m][0m
     [38;5;246m│[0m
 [38;5;246m  4 │[0m [38;5;249mi[0m[38;5;249mm[0m[38;5;249mp[0m[38;5;249mo[0m[38;5;249mr[0m[38;5;249mt[0m[38;5;249m [0m[38;5;249m{[0m[38;5;249m [0m[38;5;249mt[0m[38;5;249m4[0m[38;5;249mA[0m[38;5;249mp[0m[38;5;249mi[0m[38;5;249m,[0m[38;5;249m [0m[38;5;249mt[0m[38;5;249my[0m[38;5;249mp[0m[38;5;249me[0m[38;5;249m [0m[38;5;249mT[0m[38;5;249me[0m[38;5;249mm[0m[38;5;249mp[0m[38;5;249ml[0m[38;5;249ma[0m[38;5;249mt[0m[38;5;249me[0m[38;5;249m,[0m[38;5;249m [0m[38;5;249mt[0m[38;5;249my[0m[38;5;249mp[0m[38;5;249me[0m[38;5;249m [0m[38;5;249mT[0m[38;5;249m4[0m[38;5;249mD[0m[38;5;249ma[0m[38;5;249mt[0m[38;5;249ma[0m[38;5;249m,[0m[38;5;249m [0m[38;5;249mt[0m[38;5;249my[0m[38;5;249mp[0m[38;5;249me[0m[38;5;249m [0mT4SecurityTest[38;5;249m,[0m[38;5;249m [0m[38;5;249mt[0m[38;5;249my[0m[38;5;249mp[0m[38;5;249me[0m[38;5;249m [0m[38;5;249mT[0m[38;5;249m4[0m[38;5;249mP[0m[38;5;249me[0m[38;5;249mn[0m[38;5;249mT[0m[38;5;249me[0m[38;5;249ms[0m[38;5;249mt[0m[38;5;249m,[0m[38;5;249m [0m[38;5;249mt[0m[38;5;249my[0m[38;5;249mp[0m[38;5;249me[0m[38;5;249m [0m[38;5;249mT[0m[38;5;249m4[0m[38;5;249mR[0m[38;5;249me[0m[38;5;249ms[0m[38;5;249mi[0m[38;5;249ml[0m[38;5;249mi[0m[38;5;249me[0m[38;5;249mn[0m[38;5;249mc[0m[38;5;249me[0m[38;5;249mT[0m[38;5;249me[0m[38;5;249ms[0m[38;5;249mt[0m[38;5;249m,[0m[38;5;249m [0m[38;5;249mt[0m[38;5;249my[0m[38;5;249mp[0m[38;5;249me[0m[38;5;249m [0m[38;5;249mT[0m[38;5;249m4[0m[38;5;249mS[0m[38;5;249mu[0m[38;5;249mp[0m[38;5;249mp[0m[38;5;249ml[0m[38;5;249mi[0m[38;5;249me[0m[38;5;249mr[0m[38;5;249mF[0m[38;5;249ma[0m[38;5;249mi[0m[38;5;249ml[0m[38;5;249mu[0m[38;5;249mr[0m[38;5;249me[0m[38;5;249mS[0m[38;5;249mi[0m[38;5;249mm[0m[38;5;249m [0m[38;5;249m}[0m[38;5;249m [0m[38;5;249mf[0m[38;5;249mr[0m[38;5;249mo[0m[38;5;249mm[0m[38;5;249m [0m[38;5;249m'[0m[38;5;249m.[0m[38;5;249m.[0m[38;5;249m/[0m[38;5;249m.[0m[38;5;249m.[0m[38;5;249m/[0m[38;5;249ma[0m[38;5;249mp[0m[38;5;249mi[0m[38;5;249m'[0m
 [38;5;240m    │[0m                                                  ───────┬──────  
 [38;5;240m    │[0m                                                         ╰──────── `T4SecurityTest` has already been declared here
 [38;5;240m    │[0m 
 [38;5;246m323 │[0m [38;5;249mi[0m[38;5;249mm[0m[38;5;249mp[0m[38;5;249mo[0m[38;5;249mr[0m[38;5;249mt[0m[38;5;249m [0m[38;5;249mt[0m[38;5;249my[0m[38;5;249mp[0m[38;5;249me[0m[38;5;249m [0m[38;5;249m{[0m[38;5;249m [0mT4SecurityTest[38;5;249m,[0m[38;5;249m [0m[38;5;249mT[0m[38;5;249m4[0m[38;5;249mP[0m[38;5;249me[0m[38;5;249mn[0m[38;5;249mT[0m[38;5;249me[0m[38;5;249ms[0m[38;5;249mt[0m[38;5;249m,[0m[38;5;249m [0m[38;5;249mT[0m[38;5;249m4[0m[38;5;249mR[0m[38;5;249me[0m[38;5;249ms[0m[38;5;249mi[0m[38;5;249ml[0m[38;5;249mi[0m[38;5;249me[0m[38;5;249mn[0m[38;5;249mc[0m[38;5;249me[0m[38;5;249mT[0m[38;5;249me[0m[38;5;249ms[0m[38;5;249mt[0m[38;5;249m,[0m[38;5;249m [0m[38;5;249mT[0m[38;5;249m4[0m[38;5;249mS[0m[38;5;249mu[0m[38;5;249mp[0m[38;5;249mp[0m[38;5;249ml[0m[38;5;249mi[0m[38;5;249me[0m[38;5;249mr[0m[38;5;249mF[0m[38;5;249ma[0m[38;5;249mi[0m[38;5;249ml[0m[38;5;249mu[0m[38;5;249mr[0m[38;5;249me[0m[38;5;249mS[0m[38;5;249mi[0m[38;5;249mm[0m[38;5;249m [0m[38;5;249m}[0m[38;5;249m [0m[38;5;249mf[0m[38;5;249mr[0m[38;5;249mo[0m[38;5;249mm[0m[38;5;249m [0m[38;5;249m'[0m[38;5;249m.[0m[38;5;249m.[0m[38;5;249m/[0m[38;5;249m.[0m[38;5;249m.[0m[38;5;249m/[0m[38;5;249ma[0m[38;5;249mp[0m[38;5;249mi[0m[38;5;249m'[0m
 [38;5;240m    │[0m               ───────┬──────  
 [38;5;240m    │[0m                      ╰──────── It can not be redeclared here
[38;5;246m─────╯[0m

[31m[PARSE_ERROR] Error:[0m Identifier `T4PenTest` has already been declared
     [38;5;246m╭[0m[38;5;246m─[0m[38;5;246m[[0m src/pages/templates/T4Page.tsx:4:71 [38;5;246m][0m
     [38;5;246m│[0m
 [38;5;246m  4 │[0m [38;5;249mi[0m[38;5;249mm[0m[38;5;249mp[0m[38;5;249mo[0m[38;5;249mr[0m[38;5;249mt[0m[38;5;249m [0m[38;5;249m{[0m[38;5;249m [0m[38;5;249mt[0m[38;5;249m4[0m[38;5;249mA[0m[38;5;249mp[0m[38;5;249mi[0m[38;5;249m,[0m[38;5;249m [0m[38;5;249mt[0m[38;5;249my[0m[38;5;249mp[0m[38;5;249me[0m[38;5;249m [0m[38;5;249mT[0m[38;5;249me[0m[38;5;249mm[0m[38;5;249mp[0m[38;5;249ml[0m[38;5;249ma[0m[38;5;249mt[0m[38;5;249me[0m[38;5;249m,[0m[38;5;249m [0m[38;5;249mt[0m[38;5;249my[0m[38;5;249mp[0m[38;5;249me[0m[38;5;249m [0m[38;5;249mT[0m[38;5;249m4[0m[38;5;249mD[0m[38;5;249ma[0m[38;5;249mt[0m[38;5;249ma[0m[38;5;249m,[0m[38;5;249m [0m[38;5;249mt[0m[38;5;249my[0m[38;5;249mp[0m[38;5;249me[0m[38;5;249m [0m[38;5;249mT[0m[38;5;249m4[0m[38;5;249mS[0m[38;5;249me[0m[38;5;249mc[0m[38;5;249mu[0m[38;5;249mr[0m[38;5;249mi[0m[38;5;249mt[0m[38;5;249my[0m[38;5;249mT[0m[38;5;249me[0m[38;5;249ms[0m[38;5;249mt[0m[38;5;249m,[0m[38;5;249m [0m[38;5;249mt[0m[38;5;249my[0m[38;5;249mp[0m[38;5;249me[0m[38;5;249m [0mT4PenTest[38;5;249m,[0m[38;5;249m [0m[38;5;249mt[0m[38;5;249my[0m[38;5;249mp[0m[38;5;249me[0m[38;5;249m [0m[38;5;249mT[0m[38;5;249m4[0m[38;5;249mR[0m[38;5;249me[0m[38;5;249ms[0m[38;5;249mi[0m[38;5;249ml[0m[38;5;249mi[0m[38;5;249me[0m[38;5;249mn[0m[38;5;249mc[0m[38;5;249me[0m[38;5;249mT[0m[38;5;249me[0m[38;5;249ms[0m[38;5;249mt[0m[38;5;249m,[0m[38;5;249m [0m[38;5;249mt[0m[38;5;249my[0m[38;5;249mp[0m[38;5;249me[0m[38;5;249m [0m[38;5;249mT[0m[38;5;249m4[0m[38;5;249mS[0m[38;5;249mu[0m[38;5;249mp[0m[38;5;249mp[0m[38;5;249ml[0m[38;5;249mi[0m[38;5;249me[0m[38;5;249mr[0m[38;5;249mF[0m[38;5;249ma[0m[38;5;249mi[0m[38;5;249ml[0m[38;5;249mu[0m[38;5;249mr[0m[38;5;249me[0m[38;5;249mS[0m[38;5;249mi[0m[38;5;249mm[0m[38;5;249m [0m[38;5;249m}[0m[38;5;249m [0m[38;5;249mf[0m[38;5;249mr[0m[38;5;249mo[0m[38;5;249mm[0m[38;5;249m [0m[38;5;249m'[0m[38;5;249m.[0m[38;5;249m.[0m[38;5;249m/[0m[38;5;249m.[0m[38;5;249m.[0m[38;5;249m/[0m[38;5;249ma[0m[38;5;249mp[0m[38;5;249mi[0m[38;5;249m'[0m
 [38;5;240m    │[0m                                                                       ────┬────  
 [38;5;240m    │[0m                                                                           ╰────── `T4PenTest` has already been declared here
 [38;5;240m    │[0m 
 [38;5;246m323 │[0m [38;5;249mi[0m[38;5;249mm[0m[38;5;249mp[0m[38;5;249mo[0m[38;5;249mr[0m[38;5;249mt[0m[38;5;249m [0m[38;5;249mt[0m[38;5;249my[0m[38;5;249mp[0m[38;5;249me[0m[38;5;249m [0m[38;5;249m{[0m[38;5;249m [0m[38;5;249mT[0m[38;5;249m4[0m[38;5;249mS[0m[38;5;249me[0m[38;5;249mc[0m[38;5;249mu[0m[38;5;249mr[0m[38;5;249mi[0m[38;5;249mt[0m[38;5;249my[0m[38;5;249mT[0m[38;5;249me[0m[38;5;249ms[0m[38;5;249mt[0m[38;5;249m,[0m[38;5;249m [0mT4PenTest[38;5;249m,[0m[38;5;249m [0m[38;5;249mT[0m[38;5;249m4[0m[38;5;249mR[0m[38;5;249me[0m[38;5;249ms[0m[38;5;249mi[0m[38;5;249ml[0m[38;5;249mi[0m[38;5;249me[0m[38;5;249mn[0m[38;5;249mc[0m[38;5;249me[0m[38;5;249mT[0m[38;5;249me[0m[38;5;249ms[0m[38;5;249mt[0m[38;5;249m,[0m[38;5;249m [0m[38;5;249mT[0m[38;5;249m4[0m[38;5;249mS[0m[38;5;249mu[0m[38;5;249mp[0m[38;5;249mp[0m[38;5;249ml[0m[38;5;249mi[0m[38;5;249me[0m[38;5;249mr[0m[38;5;249mF[0m[38;5;249ma[0m[38;5;249mi[0m[38;5;249ml[0m[38;5;249mu[0m[38;5;249mr[0m[38;5;249me[0m[38;5;249mS[0m[38;5;249mi[0m[38;5;249mm[0m[38;5;249m [0m[38;5;249m}[0m[38;5;249m [0m[38;5;249mf[0m[38;5;249mr[0m[38;5;249mo[0m[38;5;249mm[0m[38;5;249m [0m[38;5;249m'[0m[38;5;249m.[0m[38;5;249m.[0m[38;5;249m/[0m[38;5;249m.[0m[38;5;249m.[0m[38;5;249m/[0m[38;5;249ma[0m[38;5;249mp[0m[38;5;249mi[0m[38;5;249m'[0m
 [38;5;240m    │[0m                               ────┬────  
 [38;5;240m    │[0m                                   ╰────── It can not be redeclared here
[38;5;246m─────╯[0m

[31m[PARSE_ERROR] Error:[0m Identifier `T4ResilienceTest` has already been declared
     [38;5;246m╭[0m[38;5;246m─[0m[38;5;246m[[0m src/pages/templates/T4Page.tsx:4:87 [38;5;246m][0m
     [38;5;246m│[0m
 [38;5;246m  4 │[0m [38;5;249mi[0m[38;5;249mm[0m[38;5;249mp[0m[38;5;249mo[0m[38;5;249mr[0m[38;5;249mt[0m[38;5;249m [0m[38;5;249m{[0m[38;5;249m [0m[38;5;249mt[0m[38;5;249m4[0m[38;5;249mA[0m[38;5;249mp[0m[38;5;249mi[0m[38;5;249m,[0m[38;5;249m [0m[38;5;249mt[0m[38;5;249my[0m[38;5;249mp[0m[38;5;249me[0m[38;5;249m [0m[38;5;249mT[0m[38;5;249me[0m[38;5;249mm[0m[38;5;249mp[0m[38;5;249ml[0m[38;5;249ma[0m[38;5;249mt[0m[38;5;249me[0m[38;5;249m,[0m[38;5;249m [0m[38;5;249mt[0m[38;5;249my[0m[38;5;249mp[0m[38;5;249me[0m[38;5;249m [0m[38;5;249mT[0m[38;5;249m4[0m[38;5;249mD[0m[38;5;249ma[0m[38;5;249mt[0m[38;5;249ma[0m[38;5;249m,[0m[38;5;249m [0m[38;5;249mt[0m[38;5;249my[0m[38;5;249mp[0m[38;5;249me[0m[38;5;249m [0m[38;5;249mT[0m[38;5;249m4[0m[38;5;249mS[0m[38;5;249me[0m[38;5;249mc[0m[38;5;249mu[0m[38;5;249mr[0m[38;5;249mi[0m[38;5;249mt[0m[38;5;249my[0m[38;5;249mT[0m[38;5;249me[0m[38;5;249ms[0m[38;5;249mt[0m[38;5;249m,[0m[38;5;249m [0m[38;5;249mt[0m[38;5;249my[0m[38;5;249mp[0m[38;5;249me[0m[38;5;249m [0m[38;5;249mT[0m[38;5;249m4[0m[38;5;249mP[0m[38;5;249me[0m[38;5;249mn[0m[38;5;249mT[0m[38;5;249me[0m[38;5;249ms[0m[38;5;249mt[0m[38;5;249m,[0m[38;5;249m [0m[38;5;249mt[0m[38;5;249my[0m[38;5;249mp[0m[38;5;249me[0m[38;5;249m [0mT4ResilienceTest[38;5;249m,[0m[38;5;249m [0m[38;5;249mt[0m[38;5;249my[0m[38;5;249mp[0m[38;5;249me[0m[38;5;249m [0m[38;5;249mT[0m[38;5;249m4[0m[38;5;249mS[0m[38;5;249mu[0m[38;5;249mp[0m[38;5;249mp[0m[38;5;249ml[0m[38;5;249mi[0m[38;5;249me[0m[38;5;249mr[0m[38;5;249mF[0m[38;5;249ma[0m[38;5;249mi[0m[38;5;249ml[0m[38;5;249mu[0m[38;5;249mr[0m[38;5;249me[0m[38;5;249mS[0m[38;5;249mi[0m[38;5;249mm[0m[38;5;249m [0m[38;5;249m}[0m[38;5;249m [0m[38;5;249mf[0m[38;5;249mr[0m[38;5;249mo[0m[38;5;249mm[0m[38;5;249m [0m[38;5;249m'[0m[38;5;249m.[0m[38;5;249m.[0m[38;5;249m/[0m[38;5;249m.[0m[38;5;249m.[0m[38;5;249m/[0m[38;5;249ma[0m[38;5;249mp[0m[38;5;249mi[0m[38;5;249m'[0m
 [38;5;240m    │[0m                                                                                       ────────┬───────  
 [38;5;240m    │[0m                                                                                               ╰───────── `T4ResilienceTest` has already been declared here
 [38;5;240m    │[0m 
 [38;5;246m323 │[0m [38;5;249mi[0m[38;5;249mm[0m[38;5;249mp[0m[38;5;249mo[0m[38;5;249mr[0m[38;5;249mt[0m[38;5;249m [0m[38;5;249mt[0m[38;5;249my[0m[38;5;249mp[0m[38;5;249me[0m[38;5;249m [0m[38;5;249m{[0m[38;5;249m [0m[38;5;249mT[0m[38;5;249m4[0m[38;5;249mS[0m[38;5;249me[0m[38;5;249mc[0m[38;5;249mu[0m[38;5;249mr[0m[38;5;249mi[0m[38;5;249mt[0m[38;5;249my[0m[38;5;249mT[0m[38;5;249me[0m[38;5;249ms[0m[38;5;249mt[0m[38;5;249m,[0m[38;5;249m [0m[38;5;249mT[0m[38;5;249m4[0m[38;5;249mP[0m[38;5;249me[0m[38;5;249mn[0m[38;5;249mT[0m[38;5;249me[0m[38;5;249ms[0m[38;5;249mt[0m[38;5;249m,[0m[38;5;249m [0mT4ResilienceTest[38;5;249m,[0m[38;5;249m [0m[38;5;249mT[0m[38;5;249m4[0m[38;5;249mS[0m[38;5;249mu[0m[38;5;249mp[0m[38;5;249mp[0m[38;5;249ml[0m[38;5;249mi[0m[38;5;249me[0m[38;5;249mr[0m[38;5;249mF[0m[38;5;249ma[0m[38;5;249mi[0m[38;5;249ml[0m[38;5;249mu[0m[38;5;249mr[0m[38;5;249me[0m[38;5;249mS[0m[38;5;249mi[0m[38;5;249mm[0m[38;5;249m [0m[38;5;249m}[0m[38;5;249m [0m[38;5;249mf[0m[38;5;249mr[0m[38;5;249mo[0m[38;5;249mm[0m[38;5;249m [0m[38;5;249m'[0m[38;5;249m.[0m[38;5;249m.[0m[38;5;249m/[0m[38;5;249m.[0m[38;5;249m.[0m[38;5;249m/[0m[38;5;249ma[0m[38;5;249mp[0m[38;5;249mi[0m[38;5;249m'[0m
 [38;5;240m    │[0m                                          ────────┬───────  
 [38;5;240m    │[0m                                                  ╰───────── It can not be redeclared here
[38;5;246m─────╯[0m

[31m[PARSE_ERROR] Error:[0m Identifier `T4SupplierFailureSim` has already been declared
     [38;5;246m╭[0m[38;5;246m─[0m[38;5;246m[[0m src/pages/templates/T4Page.tsx:4:110 [38;5;246m][0m
     [38;5;246m│[0m
 [38;5;246m  4 │[0m [38;5;249mi[0m[38;5;249mm[0m[38;5;249mp[0m[38;5;249mo[0m[38;5;249mr[0m[38;5;249mt[0m[38;5;249m [0m[38;5;249m{[0m[38;5;249m [0m[38;5;249mt[0m[38;5;249m4[0m[38;5;249mA[0m[38;5;249mp[0m[38;5;249mi[0m[38;5;249m,[0m[38;5;249m [0m[38;5;249mt[0m[38;5;249my[0m[38;5;249mp[0m[38;5;249me[0m[38;5;249m [0m[38;5;249mT[0m[38;5;249me[0m[38;5;249mm[0m[38;5;249mp[0m[38;5;249ml[0m[38;5;249ma[0m[38;5;249mt[0m[38;5;249me[0m[38;5;249m,[0m[38;5;249m [0m[38;5;249mt[0m[38;5;249my[0m[38;5;249mp[0m[38;5;249me[0m[38;5;249m [0m[38;5;249mT[0m[38;5;249m4[0m[38;5;249mD[0m[38;5;249ma[0m[38;5;249mt[0m[38;5;249ma[0m[38;5;249m,[0m[38;5;249m [0m[38;5;249mt[0m[38;5;249my[0m[38;5;249mp[0m[38;5;249me[0m[38;5;249m [0m[38;5;249mT[0m[38;5;249m4[0m[38;5;249mS[0m[38;5;249me[0m[38;5;249mc[0m[38;5;249mu[0m[38;5;249mr[0m[38;5;249mi[0m[38;5;249mt[0m[38;5;249my[0m[38;5;249mT[0m[38;5;249me[0m[38;5;249ms[0m[38;5;249mt[0m[38;5;249m,[0m[38;5;249m [0m[38;5;249mt[0m[38;5;249my[0m[38;5;249mp[0m[38;5;249me[0m[38;5;249m [0m[38;5;249mT[0m[38;5;249m4[0m[38;5;249mP[0m[38;5;249me[0m[38;5;249mn[0m[38;5;249mT[0m[38;5;249me[0m[38;5;249ms[0m[38;5;249mt[0m[38;5;249m,[0m[38;5;249m [0m[38;5;249mt[0m[38;5;249my[0m[38;5;249mp[0m[38;5;249me[0m[38;5;249m [0m[38;5;249mT[0m[38;5;249m4[0m[38;5;249mR[0m[38;5;249me[0m[38;5;249ms[0m[38;5;249mi[0m[38;5;249ml[0m[38;5;249mi[0m[38;5;249me[0m[38;5;249mn[0m[38;5;249mc[0m[38;5;249me[0m[38;5;249mT[0m[38;5;249me[0m[38;5;249ms[0m[38;5;249mt[0m[38;5;249m,[0m[38;5;249m [0m[38;5;249mt[0m[38;5;249my[0m[38;5;249mp[0m[38;5;249me[0m[38;5;249m [0mT4SupplierFailureSim[38;5;249m [0m[38;5;249m}[0m[38;5;249m [0m[38;5;249mf[0m[38;5;249mr[0m[38;5;249mo[0m[38;5;249mm[0m[38;5;249m [0m[38;5;249m'[0m[38;5;249m.[0m[38;5;249m.[0m[38;5;249m/[0m[38;5;249m.[0m[38;5;249m.[0m[38;5;249m/[0m[38;5;249ma[0m[38;5;249mp[0m[38;5;249mi[0m[38;5;249m'[0m
 [38;5;240m    │[0m                                                                                                              ──────────┬─────────  
 [38;5;240m    │[0m                                                                                                                        ╰─────────── `T4SupplierFailureSim` has already been declared here
 [38;5;240m    │[0m 
 [38;5;246m323 │[0m [38;5;249mi[0m[38;5;249mm[0m[38;5;249mp[0m[38;5;249mo[0m[38;5;249mr[0m[38;5;249mt[0m[38;5;249m [0m[38;5;249mt[0m[38;5;249my[0m[38;5;249mp[0m[38;5;249me[0m[38;5;249m [0m[38;5;249m{[0m[38;5;249m [0m[38;5;249mT[0m[38;5;249m4[0m[38;5;249mS[0m[38;5;249me[0m[38;5;249mc[0m[38;5;249mu[0m[38;5;249mr[0m[38;5;249mi[0m[38;5;249mt[0m[38;5;249my[0m[38;5;249mT[0m[38;5;249me[0m[38;5;249ms[0m[38;5;249mt[0m[38;5;249m,[0m[38;5;249m [0m[38;5;249mT[0m[38;5;249m4[0m[38;5;249mP[0m[38;5;249me[0m[38;5;249mn[0m[38;5;249mT[0m[38;5;249me[0m[38;5;249ms[0m[38;5;249mt[0m[38;5;249m,[0m[38;5;249m [0m[38;5;249mT[0m[38;5;249m4[0m[38;5;249mR[0m[38;5;249me[0m[38;5;249ms[0m[38;5;249mi[0m[38;5;249ml[0m[38;5;249mi[0m[38;5;249me[0m[38;5;249mn[0m[38;5;249mc[0m[38;5;249me[0m[38;5;249mT[0m[38;5;249me[0m[38;5;249ms[0m[38;5;249mt[0m[38;5;249m,[0m[38;5;249m [0mT4SupplierFailureSim[38;5;249m [0m[38;5;249m}[0m[38;5;249m [0m[38;5;249mf[0m[38;5;249mr[0m[38;5;249mo[0m[38;5;249mm[0m[38;5;249m [0m[38;5;249m'[0m[38;5;249m.[0m[38;5;249m.[0m[38;5;249m/[0m[38;5;249m.[0m[38;5;249m.[0m[38;5;249m/[0m[38;5;249ma[0m[38;5;249mp[0m[38;5;249mi[0m[38;5;249m'[0m
 [38;5;240m    │[0m                                                            ──────────┬─────────  
 [38;5;240m    │[0m                                                                      ╰─────────── It can not be redeclared here
[38;5;246m─────╯[0m

  Plugin: [35mvite:oxc[39m
  File: [36mC:/dashboard/frontend/src/pages/templates/T4Page.tsx[39m
[2m21:19:35[22m [31m[1m[vite][22m[39m [31m[2m(client)[22m[39m Pre-transform error: Transform failed with 2 errors:

[31m[PARSE_ERROR] Error:[0m Identifier `T2Threat` has already been declared
     [38;5;246m╭[0m[38;5;246m─[0m[38;5;246m[[0m src/pages/templates/T2Page.tsx:4:50 [38;5;246m][0m
     [38;5;246m│[0m
 [38;5;246m  4 │[0m [38;5;249mi[0m[38;5;249mm[0m[38;5;249mp[0m[38;5;249mo[0m[38;5;249mr[0m[38;5;249mt[0m[38;5;249m [0m[38;5;249m{[0m[38;5;249m [0m[38;5;249mt[0m[38;5;249m2[0m[38;5;249mA[0m[38;5;249mp[0m[38;5;249mi[0m[38;5;249m,[0m[38;5;249m [0m[38;5;249mt[0m[38;5;249my[0m[38;5;249mp[0m[38;5;249me[0m[38;5;249m [0m[38;5;249mT[0m[38;5;249me[0m[38;5;249mm[0m[38;5;249mp[0m[38;5;249ml[0m[38;5;249ma[0m[38;5;249mt[0m[38;5;249me[0m[38;5;249m,[0m[38;5;249m [0m[38;5;249mt[0m[38;5;249my[0m[38;5;249mp[0m[38;5;249me[0m[38;5;249m [0m[38;5;249mT[0m[38;5;249m2[0m[38;5;249mD[0m[38;5;249ma[0m[38;5;249mt[0m[38;5;249ma[0m[38;5;249m,[0m[38;5;249m [0m[38;5;249mt[0m[38;5;249my[0m[38;5;249mp[0m[38;5;249me[0m[38;5;249m [0mT2Threat[38;5;249m,[0m[38;5;249m [0m[38;5;249mt[0m[38;5;249my[0m[38;5;249mp[0m[38;5;249me[0m[38;5;249m [0m[38;5;249mT[0m[38;5;249m2[0m[38;5;249mA[0m[38;5;249mD[0m[38;5;249mR[0m[38;5;249m,[0m[38;5;249m [0m[38;5;249mt[0m[38;5;249my[0m[38;5;249mp[0m[38;5;249me[0m[38;5;249m [0m[38;5;249mT[0m[38;5;249m2[0m[38;5;249mS[0m[38;5;249mu[0m[38;5;249mp[0m[38;5;249mp[0m[38;5;249ml[0m[38;5;249mi[0m[38;5;249me[0m[38;5;249mr[0m[38;5;249mS[0m[38;5;249mL[0m[38;5;249mA[0m[38;5;249m [0m[38;5;249m}[0m[38;5;249m [0m[38;5;249mf[0m[38;5;249mr[0m[38;5;249mo[0m[38;5;249mm[0m[38;5;249m [0m[38;5;249m'[0m[38;5;249m.[0m[38;5;249m.[0m[38;5;249m/[0m[38;5;249m.[0m[38;5;249m.[0m[38;5;249m/[0m[38;5;249ma[0m[38;5;249mp[0m[38;5;249mi[0m[38;5;249m'[0m
 [38;5;240m    │[0m                                                  ────┬───  
 [38;5;240m    │[0m                                                      ╰───── `T2Threat` has already been declared here
 [38;5;240m    │[0m 
 [38;5;246m291 │[0m [38;5;249mi[0m[38;5;249mm[0m[38;5;249mp[0m[38;5;249mo[0m[38;5;249mr[0m[38;5;249mt[0m[38;5;249m [0m[38;5;249mt[0m[38;5;249my[0m[38;5;249mp[0m[38;5;249me[0m[38;5;249m [0m[38;5;249m{[0m[38;5;249m [0mT2Threat[38;5;249m,[0m[38;5;249m [0m[38;5;249mT[0m[38;5;249m2[0m[38;5;249mS[0m[38;5;249mu[0m[38;5;249mp[0m[38;5;249mp[0m[38;5;249ml[0m[38;5;249mi[0m[38;5;249me[0m[38;5;249mr[0m[38;5;249mS[0m[38;5;249mL[0m[38;5;249mA[0m[38;5;249m [0m[38;5;249m}[0m[38;5;249m [0m[38;5;249mf[0m[38;5;249mr[0m[38;5;249mo[0m[38;5;249mm[0m[38;5;249m [0m[38;5;249m'[0m[38;5;249m.[0m[38;5;249m.[0m[38;5;249m/[0m[38;5;249m.[0m[38;5;249m.[0m[38;5;249m/[0m[38;5;249ma[0m[38;5;249mp[0m[38;5;249mi[0m[38;5;249m'[0m
 [38;5;240m    │[0m               ────┬───  
 [38;5;240m    │[0m                   ╰───── It can not be redeclared here
[38;5;246m─────╯[0m

[31m[PARSE_ERROR] Error:[0m Identifier `T2SupplierSLA` has already been declared
     [38;5;246m╭[0m[38;5;246m─[0m[38;5;246m[[0m src/pages/templates/T2Page.tsx:4:77 [38;5;246m][0m
     [38;5;246m│[0m
 [38;5;246m  4 │[0m [38;5;249mi[0m[38;5;249mm[0m[38;5;249mp[0m[38;5;249mo[0m[38;5;249mr[0m[38;5;249mt[0m[38;5;249m [0m[38;5;249m{[0m[38;5;249m [0m[38;5;249mt[0m[38;5;249m2[0m[38;5;249mA[0m[38;5;249mp[0m[38;5;249mi[0m[38;5;249m,[0m[38;5;249m [0m[38;5;249mt[0m[38;5;249my[0m[38;5;249mp[0m[38;5;249me[0m[38;5;249m [0m[38;5;249mT[0m[38;5;249me[0m[38;5;249mm[0m[38;5;249mp[0m[38;5;249ml[0m[38;5;249ma[0m[38;5;249mt[0m[38;5;249me[0m[38;5;249m,[0m[38;5;249m [0m[38;5;249mt[0m[38;5;249my[0m[38;5;249mp[0m[38;5;249me[0m[38;5;249m [0m[38;5;249mT[0m[38;5;249m2[0m[38;5;249mD[0m[38;5;249ma[0m[38;5;249mt[0m[38;5;249ma[0m[38;5;249m,[0m[38;5;249m [0m[38;5;249mt[0m[38;5;249my[0m[38;5;249mp[0m[38;5;249me[0m[38;5;249m [0m[38;5;249mT[0m[38;5;249m2[0m[38;5;249mT[0m[38;5;249mh[0m[38;5;249mr[0m[38;5;249me[0m[38;5;249ma[0m[38;5;249mt[0m[38;5;249m,[0m[38;5;249m [0m[38;5;249mt[0m[38;5;249my[0m[38;5;249mp[0m[38;5;249me[0m[38;5;249m [0m[38;5;249mT[0m[38;5;249m2[0m[38;5;249mA[0m[38;5;249mD[0m[38;5;249mR[0m[38;5;249m,[0m[38;5;249m [0m[38;5;249mt[0m[38;5;249my[0m[38;5;249mp[0m[38;5;249me[0m[38;5;249m [0mT2SupplierSLA[38;5;249m [0m[38;5;249m}[0m[38;5;249m [0m[38;5;249mf[0m[38;5;249mr[0m[38;5;249mo[0m[38;5;249mm[0m[38;5;249m [0m[38;5;249m'[0m[38;5;249m.[0m[38;5;249m.[0m[38;5;249m/[0m[38;5;249m.[0m[38;5;249m.[0m[38;5;249m/[0m[38;5;249ma[0m[38;5;249mp[0m[38;5;249mi[0m[38;5;249m'[0m
 [38;5;240m    │[0m                                                                             ──────┬──────  
 [38;5;240m    │[0m                                                                                   ╰──────── `T2SupplierSLA` has already been declared here
 [38;5;240m    │[0m 
 [38;5;246m291 │[0m [38;5;249mi[0m[38;5;249mm[0m[38;5;249mp[0m[38;5;249mo[0m[38;5;249mr[0m[38;5;249mt[0m[38;5;249m [0m[38;5;249mt[0m[38;5;249my[0m[38;5;249mp[0m[38;5;249me[0m[38;5;249m [0m[38;5;249m{[0m[38;5;249m [0m[38;5;249mT[0m[38;5;249m2[0m[38;5;249mT[0m[38;5;249mh[0m[38;5;249mr[0m[38;5;249me[0m[38;5;249ma[0m[38;5;249mt[0m[38;5;249m,[0m[38;5;249m [0mT2SupplierSLA[38;5;249m [0m[38;5;249m}[0m[38;5;249m [0m[38;5;249mf[0m[38;5;249mr[0m[38;5;249mo[0m[38;5;249mm[0m[38;5;249m [0m[38;5;249m'[0m[38;5;249m.[0m[38;5;249m.[0m[38;5;249m/[0m[38;5;249m.[0m[38;5;249m.[0m[38;5;249m/[0m[38;5;249ma[0m[38;5;249mp[0m[38;5;249mi[0m[38;5;249m'[0m
 [38;5;240m    │[0m                         ──────┬──────  
 [38;5;240m    │[0m                               ╰──────── It can not be redeclared here
[38;5;246m─────╯[0m

  Plugin: [35mvite:oxc[39m
  File: [36mC:/dashboard/frontend/src/pages/templates/T2Page.tsx[39m
[2m21:19:35[22m [31m[1m[vite][22m[39m [31m[2m(client)[22m[39m Pre-transform error: Transform failed with 2 errors:

[31m[PARSE_ERROR] Error:[0m Identifier `T3PipelineScan` has already been declared
     [38;5;246m╭[0m[38;5;246m─[0m[38;5;246m[[0m src/pages/templates/T3Page.tsx:4:50 [38;5;246m][0m
     [38;5;246m│[0m
 [38;5;246m  4 │[0m [38;5;249mi[0m[38;5;249mm[0m[38;5;249mp[0m[38;5;249mo[0m[38;5;249mr[0m[38;5;249mt[0m[38;5;249m [0m[38;5;249m{[0m[38;5;249m [0m[38;5;249mt[0m[38;5;249m3[0m[38;5;249mA[0m[38;5;249mp[0m[38;5;249mi[0m[38;5;249m,[0m[38;5;249m [0m[38;5;249mt[0m[38;5;249my[0m[38;5;249mp[0m[38;5;249me[0m[38;5;249m [0m[38;5;249mT[0m[38;5;249me[0m[38;5;249mm[0m[38;5;249mp[0m[38;5;249ml[0m[38;5;249ma[0m[38;5;249mt[0m[38;5;249me[0m[38;5;249m,[0m[38;5;249m [0m[38;5;249mt[0m[38;5;249my[0m[38;5;249mp[0m[38;5;249me[0m[38;5;249m [0m[38;5;249mT[0m[38;5;249m3[0m[38;5;249mD[0m[38;5;249ma[0m[38;5;249mt[0m[38;5;249ma[0m[38;5;249m,[0m[38;5;249m [0m[38;5;249mt[0m[38;5;249my[0m[38;5;249mp[0m[38;5;249me[0m[38;5;249m [0mT3PipelineScan[38;5;249m,[0m[38;5;249m [0m[38;5;249mt[0m[38;5;249my[0m[38;5;249mp[0m[38;5;249me[0m[38;5;249m [0m[38;5;249mT[0m[38;5;249m3[0m[38;5;249mD[0m[38;5;249me[0m[38;5;249mp[0m[38;5;249me[0m[38;5;249mn[0m[38;5;249md[0m[38;5;249me[0m[38;5;249mn[0m[38;5;249mc[0m[38;5;249my[0m[38;5;249m [0m[38;5;249m}[0m[38;5;249m [0m[38;5;249mf[0m[38;5;249mr[0m[38;5;249mo[0m[38;5;249mm[0m[38;5;249m [0m[38;5;249m'[0m[38;5;249m.[0m[38;5;249m.[0m[38;5;249m/[0m[38;5;249m.[0m[38;5;249m.[0m[38;5;249m/[0m[38;5;249ma[0m[38;5;249mp[0m[38;5;249mi[0m[38;5;249m'[0m
 [38;5;240m    │[0m                                                  ───────┬──────  
 [38;5;240m    │[0m                                                         ╰──────── `T3PipelineScan` has already been declared here
 [38;5;240m    │[0m 
 [38;5;246m252 │[0m [38;5;249mi[0m[38;5;249mm[0m[38;5;249mp[0m[38;5;249mo[0m[38;5;249mr[0m[38;5;249mt[0m[38;5;249m [0m[38;5;249mt[0m[38;5;249my[0m[38;5;249mp[0m[38;5;249me[0m[38;5;249m [0m[38;5;249m{[0m[38;5;249m [0mT3PipelineScan[38;5;249m,[0m[38;5;249m [0m[38;5;249mT[0m[38;5;249m3[0m[38;5;249mD[0m[38;5;249me[0m[38;5;249mp[0m[38;5;249me[0m[38;5;249mn[0m[38;5;249md[0m[38;5;249me[0m[38;5;249mn[0m[38;5;249mc[0m[38;5;249my[0m[38;5;249m [0m[38;5;249m}[0m[38;5;249m [0m[38;5;249mf[0m[38;5;249mr[0m[38;5;249mo[0m[38;5;249mm[0m[38;5;249m [0m[38;5;249m'[0m[38;5;249m.[0m[38;5;249m.[0m[38;5;249m/[0m[38;5;249m.[0m[38;5;249m.[0m[38;5;249m/[0m[38;5;249ma[0m[38;5;249mp[0m[38;5;249mi[0m[38;5;249m'[0m
 [38;5;240m    │[0m               ───────┬──────  
 [38;5;240m    │[0m                      ╰──────── It can not be redeclared here
[38;5;246m─────╯[0m

[31m[PARSE_ERROR] Error:[0m Identifier `T3Dependency` has already been declared
     [38;5;246m╭[0m[38;5;246m─[0m[38;5;246m[[0m src/pages/templates/T3Page.tsx:4:71 [38;5;246m][0m
     [38;5;246m│[0m
 [38;5;246m  4 │[0m [38;5;249mi[0m[38;5;249mm[0m[38;5;249mp[0m[38;5;249mo[0m[38;5;249mr[0m[38;5;249mt[0m[38;5;249m [0m[38;5;249m{[0m[38;5;249m [0m[38;5;249mt[0m[38;5;249m3[0m[38;5;249mA[0m[38;5;249mp[0m[38;5;249mi[0m[38;5;249m,[0m[38;5;249m [0m[38;5;249mt[0m[38;5;249my[0m[38;5;249mp[0m[38;5;249me[0m[38;5;249m [0m[38;5;249mT[0m[38;5;249me[0m[38;5;249mm[0m[38;5;249mp[0m[38;5;249ml[0m[38;5;249ma[0m[38;5;249mt[0m[38;5;249me[0m[38;5;249m,[0m[38;5;249m [0m[38;5;249mt[0m[38;5;249my[0m[38;5;249mp[0m[38;5;249me[0m[38;5;249m [0m[38;5;249mT[0m[38;5;249m3[0m[38;5;249mD[0m[38;5;249ma[0m[38;5;249mt[0m[38;5;249ma[0m[38;5;249m,[0m[38;5;249m [0m[38;5;249mt[0m[38;5;249my[0m[38;5;249mp[0m[38;5;249me[0m[38;5;249m [0m[38;5;249mT[0m[38;5;249m3[0m[38;5;249mP[0m[38;5;249mi[0m[38;5;249mp[0m[38;5;249me[0m[38;5;249ml[0m[38;5;249mi[0m[38;5;249mn[0m[38;5;249me[0m[38;5;249mS[0m[38;5;249mc[0m[38;5;249ma[0m[38;5;249mn[0m[38;5;249m,[0m[38;5;249m [0m[38;5;249mt[0m[38;5;249my[0m[38;5;249mp[0m[38;5;249me[0m[38;5;249m [0mT3Dependency[38;5;249m [0m[38;5;249m}[0m[38;5;249m [0m[38;5;249mf[0m[38;5;249mr[0m[38;5;249mo[0m[38;5;249mm[0m[38;5;249m [0m[38;5;249m'[0m[38;5;249m.[0m[38;5;249m.[0m[38;5;249m/[0m[38;5;249m.[0m[38;5;249m.[0m[38;5;249m/[0m[38;5;249ma[0m[38;5;249mp[0m[38;5;249mi[0m[38;5;249m'[0m
 [38;5;240m    │[0m                                                                       ──────┬─────  
 [38;5;240m    │[0m                                                                             ╰─────── `T3Dependency` has already been declared here
 [38;5;240m    │[0m 
 [38;5;246m252 │[0m [38;5;249mi[0m[38;5;249mm[0m[38;5;249mp[0m[38;5;249mo[0m[38;5;249mr[0m[38;5;249mt[0m[38;5;249m [0m[38;5;249mt[0m[38;5;249my[0m[38;5;249mp[0m[38;5;249me[0m[38;5;249m [0m[38;5;249m{[0m[38;5;249m [0m[38;5;249mT[0m[38;5;249m3[0m[38;5;249mP[0m[38;5;249mi[0m[38;5;249mp[0m[38;5;249me[0m[38;5;249ml[0m[38;5;249mi[0m[38;5;249mn[0m[38;5;249me[0m[38;5;249mS[0m[38;5;249mc[0m[38;5;249ma[0m[38;5;249mn[0m[38;5;249m,[0m[38;5;249m [0mT3Dependency[38;5;249m [0m[38;5;249m}[0m[38;5;249m [0m[38;5;249mf[0m[38;5;249mr[0m[38;5;249mo[0m[38;5;249mm[0m[38;5;249m [0m[38;5;249m'[0m[38;5;249m.[0m[38;5;249m.[0m[38;5;249m/[0m[38;5;249m.[0m[38;5;249m.[0m[38;5;249m/[0m[38;5;249ma[0m[38;5;249mp[0m[38;5;249mi[0m[38;5;249m'[0m
 [38;5;240m    │[0m                               ──────┬─────  
 [38;5;240m    │[0m                                     ╰─────── It can not be redeclared here
[38;5;246m─────╯[0m

  Plugin: [35mvite:oxc[39m
  File: [36mC:/dashboard/frontend/src/pages/templates/T3Page.tsx[39m
[2m21:19:35[22m [31m[1m[vite][22m[39m [31m[2m(client)[22m[39m Pre-transform error: Transform failed with 2 errors:

[31m[PARSE_ERROR] Error:[0m Identifier `T5Incident` has already been declared
     [38;5;246m╭[0m[38;5;246m─[0m[38;5;246m[[0m src/pages/templates/T5Page.tsx:4:50 [38;5;246m][0m
     [38;5;246m│[0m
 [38;5;246m  4 │[0m [38;5;249mi[0m[38;5;249mm[0m[38;5;249mp[0m[38;5;249mo[0m[38;5;249mr[0m[38;5;249mt[0m[38;5;249m [0m[38;5;249m{[0m[38;5;249m [0m[38;5;249mt[0m[38;5;249m5[0m[38;5;249mA[0m[38;5;249mp[0m[38;5;249mi[0m[38;5;249m,[0m[38;5;249m [0m[38;5;249mt[0m[38;5;249my[0m[38;5;249mp[0m[38;5;249me[0m[38;5;249m [0m[38;5;249mT[0m[38;5;249me[0m[38;5;249mm[0m[38;5;249mp[0m[38;5;249ml[0m[38;5;249ma[0m[38;5;249mt[0m[38;5;249me[0m[38;5;249m,[0m[38;5;249m [0m[38;5;249mt[0m[38;5;249my[0m[38;5;249mp[0m[38;5;249me[0m[38;5;249m [0m[38;5;249mT[0m[38;5;249m5[0m[38;5;249mD[0m[38;5;249ma[0m[38;5;249mt[0m[38;5;249ma[0m[38;5;249m,[0m[38;5;249m [0m[38;5;249mt[0m[38;5;249my[0m[38;5;249mp[0m[38;5;249me[0m[38;5;249m [0mT5Incident[38;5;249m,[0m[38;5;249m [0m[38;5;249mt[0m[38;5;249my[0m[38;5;249mp[0m[38;5;249me[0m[38;5;249m [0m[38;5;249mT[0m[38;5;249m5[0m[38;5;249mS[0m[38;5;249mu[0m[38;5;249mp[0m[38;5;249mp[0m[38;5;249ml[0m[38;5;249mi[0m[38;5;249me[0m[38;5;249mr[0m[38;5;249mE[0m[38;5;249mv[0m[38;5;249ma[0m[38;5;249ml[0m[38;5;249mu[0m[38;5;249ma[0m[38;5;249mt[0m[38;5;249mi[0m[38;5;249mo[0m[38;5;249mn[0m[38;5;249m,[0m[38;5;249m [0m[38;5;249mt[0m[38;5;249my[0m[38;5;249mp[0m[38;5;249me[0m[38;5;249m [0m[38;5;249mT[0m[38;5;249m5[0m[38;5;249mS[0m[38;5;249mh[0m[38;5;249ma[0m[38;5;249mr[0m[38;5;249mi[0m[38;5;249mn[0m[38;5;249mg[0m[38;5;249mA[0m[38;5;249mg[0m[38;5;249mr[0m[38;5;249me[0m[38;5;249me[0m[38;5;249mm[0m[38;5;249me[0m[38;5;249mn[0m[38;5;249mt[0m[38;5;249m [0m[38;5;249m}[0m[38;5;249m [0m[38;5;249mf[0m[38;5;249mr[0m[38;5;249mo[0m[38;5;249mm[0m[38;5;249m [0m[38;5;249m'[0m[38;5;249m.[0m[38;5;249m.[0m[38;5;249m/[0m[38;5;249m.[0m[38;5;249m.[0m[38;5;249m/[0m[38;5;249ma[0m[38;5;249mp[0m[38;5;249mi[0m[38;5;249m'[0m
 [38;5;240m    │[0m                                                  ─────┬────  
 [38;5;240m    │[0m                                                       ╰────── `T5Incident` has already been declared here
 [38;5;240m    │[0m 
 [38;5;246m308 │[0m [38;5;249mi[0m[38;5;249mm[0m[38;5;249mp[0m[38;5;249mo[0m[38;5;249mr[0m[38;5;249mt[0m[38;5;249m [0m[38;5;249mt[0m[38;5;249my[0m[38;5;249mp[0m[38;5;249me[0m[38;5;249m [0m[38;5;249m{[0m[38;5;249m [0mT5Incident[38;5;249m,[0m[38;5;249m [0m[38;5;249mT[0m[38;5;249m5[0m[38;5;249mS[0m[38;5;249mu[0m[38;5;249mp[0m[38;5;249mp[0m[38;5;249ml[0m[38;5;249mi[0m[38;5;249me[0m[38;5;249mr[0m[38;5;249mE[0m[38;5;249mv[0m[38;5;249ma[0m[38;5;249ml[0m[38;5;249mu[0m[38;5;249ma[0m[38;5;249mt[0m[38;5;249mi[0m[38;5;249mo[0m[38;5;249mn[0m[38;5;249m [0m[38;5;249m}[0m[38;5;249m [0m[38;5;249mf[0m[38;5;249mr[0m[38;5;249mo[0m[38;5;249mm[0m[38;5;249m [0m[38;5;249m'[0m[38;5;249m.[0m[38;5;249m.[0m[38;5;249m/[0m[38;5;249m.[0m[38;5;249m.[0m[38;5;249m/[0m[38;5;249ma[0m[38;5;249mp[0m[38;5;249mi[0m[38;5;249m'[0m
 [38;5;240m    │[0m               ─────┬────  
 [38;5;240m    │[0m                    ╰────── It can not be redeclared here
[38;5;246m─────╯[0m

[31m[PARSE_ERROR] Error:[0m Identifier `T5SupplierEvaluation` has already been declared
     [38;5;246m╭[0m[38;5;246m─[0m[38;5;246m[[0m src/pages/templates/T5Page.tsx:4:67 [38;5;246m][0m
     [38;5;246m│[0m
 [38;5;246m  4 │[0m [38;5;249mi[0m[38;5;249mm[0m[38;5;249mp[0m[38;5;249mo[0m[38;5;249mr[0m[38;5;249mt[0m[38;5;249m [0m[38;5;249m{[0m[38;5;249m [0m[38;5;249mt[0m[38;5;249m5[0m[38;5;249mA[0m[38;5;249mp[0m[38;5;249mi[0m[38;5;249m,[0m[38;5;249m [0m[38;5;249mt[0m[38;5;249my[0m[38;5;249mp[0m[38;5;249me[0m[38;5;249m [0m[38;5;249mT[0m[38;5;249me[0m[38;5;249mm[0m[38;5;249mp[0m[38;5;249ml[0m[38;5;249ma[0m[38;5;249mt[0m[38;5;249me[0m[38;5;249m,[0m[38;5;249m [0m[38;5;249mt[0m[38;5;249my[0m[38;5;249mp[0m[38;5;249me[0m[38;5;249m [0m[38;5;249mT[0m[38;5;249m5[0m[38;5;249mD[0m[38;5;249ma[0m[38;5;249mt[0m[38;5;249ma[0m[38;5;249m,[0m[38;5;249m [0m[38;5;249mt[0m[38;5;249my[0m[38;5;249mp[0m[38;5;249me[0m[38;5;249m [0m[38;5;249mT[0m[38;5;249m5[0m[38;5;249mI[0m[38;5;249mn[0m[38;5;249mc[0m[38;5;249mi[0m[38;5;249md[0m[38;5;249me[0m[38;5;249mn[0m[38;5;249mt[0m[38;5;249m,[0m[38;5;249m [0m[38;5;249mt[0m[38;5;249my[0m[38;5;249mp[0m[38;5;249me[0m[38;5;249m [0mT5SupplierEvaluation[38;5;249m,[0m[38;5;249m [0m[38;5;249mt[0m[38;5;249my[0m[38;5;249mp[0m[38;5;249me[0m[38;5;249m [0m[38;5;249mT[0m[38;5;249m5[0m[38;5;249mS[0m[38;5;249mh[0m[38;5;249ma[0m[38;5;249mr[0m[38;5;249mi[0m[38;5;249mn[0m[38;5;249mg[0m[38;5;249mA[0m[38;5;249mg[0m[38;5;249mr[0m[38;5;249me[0m[38;5;249me[0m[38;5;249mm[0m[38;5;249me[0m[38;5;249mn[0m[38;5;249mt[0m[38;5;249m [0m[38;5;249m}[0m[38;5;249m [0m[38;5;249mf[0m[38;5;249mr[0m[38;5;249mo[0m[38;5;249mm[0m[38;5;249m [0m[38;5;249m'[0m[38;5;249m.[0m[38;5;249m.[0m[38;5;249m/[0m[38;5;249m.[0m[38;5;249m.[0m[38;5;249m/[0m[38;5;249ma[0m[38;5;249mp[0m[38;5;249mi[0m[38;5;249m'[0m
 [38;5;240m    │[0m                                                                   ──────────┬─────────  
 [38;5;240m    │[0m                                                                             ╰─────────── `T5SupplierEvaluation` has already been declared here
 [38;5;240m    │[0m 
 [38;5;246m308 │[0m [38;5;249mi[0m[38;5;249mm[0m[38;5;249mp[0m[38;5;249mo[0m[38;5;249mr[0m[38;5;249mt[0m[38;5;249m [0m[38;5;249mt[0m[38;5;249my[0m[38;5;249mp[0m[38;5;249me[0m[38;5;249m [0m[38;5;249m{[0m[38;5;249m [0m[38;5;249mT[0m[38;5;249m5[0m[38;5;249mI[0m[38;5;249mn[0m[38;5;249mc[0m[38;5;249mi[0m[38;5;249md[0m[38;5;249me[0m[38;5;249mn[0m[38;5;249mt[0m[38;5;249m,[0m[38;5;249m [0mT5SupplierEvaluation[38;5;249m [0m[38;5;249m}[0m[38;5;249m [0m[38;5;249mf[0m[38;5;249mr[0m[38;5;249mo[0m[38;5;249mm[0m[38;5;249m [0m[38;5;249m'[0m[38;5;249m.[0m[38;5;249m.[0m[38;5;249m/[0m[38;5;249m.[0m[38;5;249m.[0m[38;5;249m/[0m[38;5;249ma[0m[38;5;249mp[0m[38;5;249mi[0m[38;5;249m'[0m
 [38;5;240m    │[0m                           ──────────┬─────────  
 [38;5;240m    │[0m                                     ╰─────────── It can not be redeclared here
[38;5;246m─────╯[0m

  Plugin: [35mvite:oxc[39m
  File: [36mC:/dashboard/frontend/src/pages/templates/T5Page.tsx[39m
[2m21:20:15[22m [36m[1m[vite][22m[39m [90m[2m(client)[22m[39m [32mhmr update [39m[2m/src/pages/templates/T3Page.tsx, /src/index.css[22m
[2m21:20:19[22m [36m[1m[vite][22m[39m [90m[2m(client)[22m[39m [32mhmr update [39m[2m/src/pages/templates/T4Page.tsx, /src/index.css[22m
[2m21:20:23[22m [36m[1m[vite][22m[39m [90m[2m(client)[22m[39m [32mhmr update [39m[2m/src/pages/templates/T5Page.tsx, /src/index.css[22m
[2m21:20:29[22m [36m[1m[vite][22m[39m [90m[2m(client)[22m[39m [32mhmr update [39m[2m/src/pages/templates/T2Page.tsx, /src/index.css[22m
[2m21:20:44[22m [36m[1m[vite][22m[39m [90m[2m(client)[22m[39m [32mhmr update [39m[2m/src/components/Layout.tsx, /src/index.css[22m
[2m21:20:49[22m [36m[1m[vite][22m[39m [90m[2m(client)[22m[39m [32mhmr update [39m[2m/src/pages/ProjectsPage.tsx, /src/index.css[22m
[2m21:20:53[22m [36m[1m[vite][22m[39m [90m[2m(client)[22m[39m [32mhmr update [39m[2m/src/pages/templates/T0Page.tsx, /src/index.css[22m
[2m21:20:58[22m [36m[1m[vite][22m[39m [90m[2m(client)[22m[39m [32mhmr update [39m[2m/src/pages/templates/T0Page.tsx, /src/index.css[22m
[2m21:21:06[22m [36m[1m[vite][22m[39m [90m[2m(client)[22m[39m [32mhmr update [39m[2m/src/pages/templates/T1Page.tsx, /src/index.css[22m
[2m21:21:18[22m [36m[1m[vite][22m[39m [90m[2m(client)[22m[39m [32mhmr update [39m[2m/src/pages/templates/T0Page.tsx, /src/index.css[22m
[2m21:36:22[22m [31m[1m[vite][22m[39m [31m[2m(client)[22m[39m [31m[Unhandled rejection] [1mAxiosError[22m: Request failed with status code 400
[39m > settle node_modules/axios/lib/core/settle.js:20:6
 > XMLHttpRequest.onloadend node_modules/axios/lib/adapters/xhr.js:62:8

[2m21:36:24[22m [31m[1m[vite][22m[39m [31m[2m(client)[22m[39m [31m[Unhandled rejection] [1mAxiosError[22m: Request failed with status code 400
[39m > settle node_modules/axios/lib/core/settle.js:20:6
 > XMLHttpRequest.onloadend node_modules/axios/lib/adapters/xhr.js:62:8

[2m21:36:27[22m [31m[1m[vite][22m[39m [31m[2m(client)[22m[39m [31m[Unhandled rejection] [1mAxiosError[22m: Request failed with status code 400
[39m > settle node_modules/axios/lib/core/settle.js:20:6
 > XMLHttpRequest.onloadend node_modules/axios/lib/adapters/xhr.js:62:8

[2m21:36:27[22m [31m[1m[vite][22m[39m [31m[2m(client)[22m[39m [31m[Unhandled rejection] [1mAxiosError[22m: Request failed with status code 400
[39m > settle node_modules/axios/lib/core/settle.js:20:6
 > XMLHttpRequest.onloadend node_modules/axios/lib/adapters/xhr.js:62:8

[2m21:36:27[22m [31m[1m[vite][22m[39m [31m[2m(client)[22m[39m [31m[Unhandled rejection] [1mAxiosError[22m: Request failed with status code 400
[39m > settle node_modules/axios/lib/core/settle.js:20:6
 > XMLHttpRequest.onloadend node_modules/axios/lib/adapters/xhr.js:62:8

[2m21:36:28[22m [31m[1m[vite][22m[39m [31m[2m(client)[22m[39m [31m[Unhandled rejection] [1mAxiosError[22m: Request failed with status code 400
[39m > settle node_modules/axios/lib/core/settle.js:20:6
 > XMLHttpRequest.onloadend node_modules/axios/lib/adapters/xhr.js:62:8

[2m21:36:28[22m [31m[1m[vite][22m[39m [31m[2m(client)[22m[39m [31m[Unhandled rejection] [1mAxiosError[22m: Request failed with status code 400
[39m > settle node_modules/axios/lib/core/settle.js:20:6
 > XMLHttpRequest.onloadend node_modules/axios/lib/adapters/xhr.js:62:8

[2m21:36:28[22m [31m[1m[vite][22m[39m [31m[2m(client)[22m[39m [31m[Unhandled rejection] [1mAxiosError[22m: Request failed with status code 400
[39m > settle node_modules/axios/lib/core/settle.js:20:6
 > XMLHttpRequest.onloadend node_modules/axios/lib/adapters/xhr.js:62:8

[2m21:36:28[22m [31m[1m[vite][22m[39m [31m[2m(client)[22m[39m [31m[Unhandled rejection] [1mAxiosError[22m: Request failed with status code 400
[39m > settle node_modules/axios/lib/core/settle.js:20:6
 > XMLHttpRequest.onloadend node_modules/axios/lib/adapters/xhr.js:62:8

[2m21:36:33[22m [31m[1m[vite][22m[39m [31m[2m(client)[22m[39m [31m[Unhandled rejection] [1mAxiosError[22m: Request failed with status code 400
[39m > settle node_modules/axios/lib/core/settle.js:20:6
 > XMLHttpRequest.onloadend node_modules/axios/lib/adapters/xhr.js:62:8

[2m21:36:34[22m [31m[1m[vite][22m[39m [31m[2m(client)[22m[39m [31m[Unhandled rejection] [1mAxiosError[22m: Request failed with status code 400
[39m > settle node_modules/axios/lib/core/settle.js:20:6
 > XMLHttpRequest.onloadend node_modules/axios/lib/adapters/xhr.js:62:8

[2m21:36:34[22m [31m[1m[vite][22m[39m [31m[2m(client)[22m[39m [31m[Unhandled rejection] [1mAxiosError[22m: Request failed with status code 400
[39m > settle node_modules/axios/lib/core/settle.js:20:6
 > XMLHttpRequest.onloadend node_modules/axios/lib/adapters/xhr.js:62:8

[2m21:36:34[22m [31m[1m[vite][22m[39m [31m[2m(client)[22m[39m [31m[Unhandled rejection] [1mAxiosError[22m: Request failed with status code 400
[39m > settle node_modules/axios/lib/core/settle.js:20:6
 > XMLHttpRequest.onloadend node_modules/axios/lib/adapters/xhr.js:62:8

[2m21:36:34[22m [31m[1m[vite][22m[39m [31m[2m(client)[22m[39m [31m[Unhandled rejection] [1mAxiosError[22m: Request failed with status code 400
[39m > settle node_modules/axios/lib/core/settle.js:20:6
 > XMLHttpRequest.onloadend node_modules/axios/lib/adapters/xhr.js:62:8

[2m21:37:17[22m [31m[1m[vite][22m[39m [31m[2m(client)[22m[39m [31m[Unhandled rejection] [1mAxiosError[22m: Request failed with status code 400
[39m > settle node_modules/axios/lib/core/settle.js:20:6
 > XMLHttpRequest.onloadend node_modules/axios/lib/adapters/xhr.js:62:8

[2m21:37:17[22m [31m[1m[vite][22m[39m [31m[2m(client)[22m[39m [31m[Unhandled rejection] [1mAxiosError[22m: Request failed with status code 400
[39m > settle node_modules/axios/lib/core/settle.js:20:6
 > XMLHttpRequest.onloadend node_modules/axios/lib/adapters/xhr.js:62:8

[2m21:37:17[22m [31m[1m[vite][22m[39m [31m[2m(client)[22m[39m [31m[Unhandled rejection] [1mAxiosError[22m: Request failed with status code 400
[39m > settle node_modules/axios/lib/core/settle.js:20:6
 > XMLHttpRequest.onloadend node_modules/axios/lib/adapters/xhr.js:62:8

[2m21:37:17[22m [31m[1m[vite][22m[39m [31m[2m(client)[22m[39m [31m[Unhandled rejection] [1mAxiosError[22m: Request failed with status code 400
[39m > settle node_modules/axios/lib/core/settle.js:20:6
 > XMLHttpRequest.onloadend node_modules/axios/lib/adapters/xhr.js:62:8

[2m21:37:17[22m [31m[1m[vite][22m[39m [31m[2m(client)[22m[39m [31m[Unhandled rejection] [1mAxiosError[22m: Request failed with status code 400
[39m > settle node_modules/axios/lib/core/settle.js:20:6
 > XMLHttpRequest.onloadend node_modules/axios/lib/adapters/xhr.js:62:8

[2m21:37:18[22m [31m[1m[vite][22m[39m [31m[2m(client)[22m[39m [31m[Unhandled rejection] [1mAxiosError[22m: Request failed with status code 400
[39m > settle node_modules/axios/lib/core/settle.js:20:6
 > XMLHttpRequest.onloadend node_modules/axios/lib/adapters/xhr.js:62:8

[2m21:42:24[22m [36m[1m[vite][22m[39m [90m[2m(client)[22m[39m [32mhmr update [39m[2m/src/pages/templates/T0Page.tsx, /src/index.css[22m
[2m21:54:23[22m [36m[1m[vite][22m[39m [90m[2m(client)[22m[39m [32mhmr update [39m[2m/src/index.css, /src/pages/ProjectsPage.tsx, /src/pages/ProjectPage.tsx, /src/pages/templates/T2Page.tsx, /src/pages/templates/T0Page.tsx, /src/pages/templates/T1Page.tsx, /src/pages/templates/T4Page.tsx, /src/pages/templates/T3Page.tsx, /src/pages/templates/T5Page.tsx[22m
[2m21:54:30[22m [36m[1m[vite][22m[39m [90m[2m(client)[22m[39m [32mhmr update [39m[2m/src/index.css, /src/pages/ProjectsPage.tsx, /src/pages/ProjectPage.tsx, /src/pages/templates/T2Page.tsx, /src/pages/templates/T0Page.tsx, /src/pages/templates/T1Page.tsx, /src/pages/templates/T4Page.tsx, /src/pages/templates/T3Page.tsx, /src/pages/templates/T5Page.tsx[22m
[2m21:55:07[22m [36m[1m[vite][22m[39m [90m[2m(client)[22m[39m [32mhmr update [39m[2m/src/pages/ProjectPage.tsx, /src/index.css[22m
[2m21:55:21[22m [36m[1m[vite][22m[39m [90m[2m(client)[22m[39m [32mhmr update [39m[2m/src/pages/ProjectPage.tsx, /src/index.css[22m
[2m21:55:39[22m [36m[1m[vite][22m[39m [90m[2m(client)[22m[39m [32mhmr update [39m[2m/src/pages/ProjectPage.tsx, /src/index.css[22m
